In clock cycle: 0
Register Write to Reg: 0x05 Val: 0x80000000
In clock cycle: 1
Register Write to Reg: 0x06 Val: 0x80000400
In clock cycle: 2
Register Write to Reg: 0x06 Val: 0x80000401
In clock cycle: 3
Register Write to Reg: 0x06 Val: 0x80000402
In clock cycle: 4
Register Write to Reg: 0x06 Val: 0x80000403
In clock cycle: 5
Register Write to Reg: 0x06 Val: 0x80000404
In clock cycle: 6
Register Write to Reg: 0x06 Val: 0x80000405
In clock cycle: 7
Register Write to Reg: 0x06 Val: 0x80000406
In clock cycle: 8
Register Write to Reg: 0x06 Val: 0x80000407
In clock cycle: 9
Register Write to Reg: 0x06 Val: 0x80000408
In clock cycle: 10
Register Write to Reg: 0x06 Val: 0x80000409
In clock cycle: 11
Register Write to Reg: 0x06 Val: 0x8000040A
In clock cycle: 12
Register Write to Reg: 0x06 Val: 0x8000040B
In clock cycle: 13
Register Write to Reg: 0x06 Val: 0x8000040C
In clock cycle: 14
Register Write to Reg: 0x06 Val: 0x8000040D
In clock cycle: 15
Register Write to Reg: 0x06 Val: 0x8000040E
In clock cycle: 16
Register Write to Reg: 0x06 Val: 0x8000040F
In clock cycle: 17
Register Write to Reg: 0x06 Val: 0x80000410
In clock cycle: 18
Register Write to Reg: 0x06 Val: 0x80000411
In clock cycle: 19
Register Write to Reg: 0x06 Val: 0x80000412
In clock cycle: 20
Register Write to Reg: 0x06 Val: 0x80000413
In clock cycle: 21
Register Write to Reg: 0x06 Val: 0x80000414
In clock cycle: 22
Register Write to Reg: 0x06 Val: 0x80000415
In clock cycle: 23
Register Write to Reg: 0x06 Val: 0x80000416
In clock cycle: 24
Register Write to Reg: 0x06 Val: 0x80000417
In clock cycle: 25
Register Write to Reg: 0x06 Val: 0x80000418
In clock cycle: 26
Register Write to Reg: 0x06 Val: 0x80000419
In clock cycle: 27
Register Write to Reg: 0x06 Val: 0x8000041A
In clock cycle: 28
Register Write to Reg: 0x06 Val: 0x8000041B
In clock cycle: 29
Register Write to Reg: 0x06 Val: 0x8000041C
In clock cycle: 30
Register Write to Reg: 0x06 Val: 0x8000041D
In clock cycle: 31
Register Write to Reg: 0x06 Val: 0x8000041E
In clock cycle: 32
Register Write to Reg: 0x06 Val: 0x8000041F
Execution is stopping! Clock Cycle: 33
