[inst #1] lui x5,524288
Register Write to Reg: 0x05 Val: 0x80000000
[inst #2] srai x6,x5,0
Register Write to Reg: 0x06 Val: 0x80000000
[inst #3] srai x6,x5,1
Register Write to Reg: 0x06 Val: 0xC0000000
[inst #4] srai x6,x5,2
Register Write to Reg: 0x06 Val: 0xE0000000
[inst #5] srai x6,x5,3
Register Write to Reg: 0x06 Val: 0xF0000000
[inst #6] srai x6,x5,4
Register Write to Reg: 0x06 Val: 0xF8000000
[inst #7] srai x6,x5,5
Register Write to Reg: 0x06 Val: 0xFC000000
[inst #8] srai x6,x5,6
Register Write to Reg: 0x06 Val: 0xFE000000
[inst #9] srai x6,x5,7
Register Write to Reg: 0x06 Val: 0xFF000000
[inst #10] srai x6,x5,8
Register Write to Reg: 0x06 Val: 0xFF800000
[inst #11] srai x6,x5,9
Register Write to Reg: 0x06 Val: 0xFFC00000
[inst #12] srai x6,x5,10
Register Write to Reg: 0x06 Val: 0xFFE00000
[inst #13] srai x6,x5,11
Register Write to Reg: 0x06 Val: 0xFFF00000
[inst #14] srai x6,x5,12
Register Write to Reg: 0x06 Val: 0xFFF80000
[inst #15] srai x6,x5,13
Register Write to Reg: 0x06 Val: 0xFFFC0000
[inst #16] srai x6,x5,14
Register Write to Reg: 0x06 Val: 0xFFFE0000
[inst #17] srai x6,x5,15
Register Write to Reg: 0x06 Val: 0xFFFF0000
[inst #18] srai x6,x5,16
Register Write to Reg: 0x06 Val: 0xFFFF8000
[inst #19] srai x6,x5,17
Register Write to Reg: 0x06 Val: 0xFFFFC000
[inst #20] srai x6,x5,18
Register Write to Reg: 0x06 Val: 0xFFFFE000
[inst #21] srai x6,x5,19
Register Write to Reg: 0x06 Val: 0xFFFFF000
[inst #22] srai x6,x5,20
Register Write to Reg: 0x06 Val: 0xFFFFF800
[inst #23] srai x6,x5,21
Register Write to Reg: 0x06 Val: 0xFFFFFC00
[inst #24] srai x6,x5,22
Register Write to Reg: 0x06 Val: 0xFFFFFE00
[inst #25] srai x6,x5,23
Register Write to Reg: 0x06 Val: 0xFFFFFF00
[inst #26] srai x6,x5,24
Register Write to Reg: 0x06 Val: 0xFFFFFF80
[inst #27] srai x6,x5,25
Register Write to Reg: 0x06 Val: 0xFFFFFFC0
[inst #28] srai x6,x5,26
Register Write to Reg: 0x06 Val: 0xFFFFFFE0
[inst #29] srai x6,x5,27
Register Write to Reg: 0x06 Val: 0xFFFFFFF0
[inst #30] srai x6,x5,28
Register Write to Reg: 0x06 Val: 0xFFFFFFF8
[inst #31] srai x6,x5,29
Register Write to Reg: 0x06 Val: 0xFFFFFFFC
[inst #32] srai x6,x5,30
Register Write to Reg: 0x06 Val: 0xFFFFFFFE
[inst #33] srai x6,x5,31
Register Write to Reg: 0x06 Val: 0xFFFFFFFF
[inst #34] wfi 

Program terminated by dropping off the bottom.
