[inst #1] addi x5,x0,2
Register Write to Reg: 0x05 Val: 0x00000002
[inst #2] addi x6,x0,4
Register Write to Reg: 0x06 Val: 0x00000004
[inst #3] addi x7,x0,0
Register Write to Reg: 0x07 Val: 0x00000000
[inst #4] addi x0,x0,0
Register Write to Reg: 0x00 Val: 0x00000000
[inst #5] addi x0,x0,0
Register Write to Reg: 0x00 Val: 0x00000000
[inst #6] addi x0,x0,0
Register Write to Reg: 0x00 Val: 0x00000000
[inst #7] bge x5,x6,40
[inst #8] addi x0,x0,0
Register Write to Reg: 0x00 Val: 0x00000000
[inst #9] addi x0,x0,0
Register Write to Reg: 0x00 Val: 0x00000000
[inst #10] addi x0,x0,0
Register Write to Reg: 0x00 Val: 0x00000000
[inst #11] addi x0,x0,0
Register Write to Reg: 0x00 Val: 0x00000000
[inst #12] jal x0,24
Register Write to Reg: 0x00 Val: 0x00400030
[inst #13] addi x0,x0,0
Register Write to Reg: 0x00 Val: 0x00000000
[inst #14] addi x0,x0,0
Register Write to Reg: 0x00 Val: 0x00000000
[inst #15] addi x0,x0,0
Register Write to Reg: 0x00 Val: 0x00000000
[inst #16] wfi 

Program terminated by dropping off the bottom.
