Info: *******************************************************************
Info: Running Quartus Prime Analysis & Synthesis
    Info: Version 20.1.1 Build 720 11/11/2020 SJ Standard Edition
    Info: Copyright (C) 2020  Intel Corporation. All rights reserved.
    Info: Your use of Intel Corporation's design tools, logic functions 
    Info: and other software and tools, and any partner logic 
    Info: functions, and any output files from any of the foregoing 
    Info: (including device programming or simulation files), and any 
    Info: associated documentation or information are expressly subject 
    Info: to the terms and conditions of the Intel Program License 
    Info: Subscription Agreement, the Intel Quartus Prime License Agreement,
    Info: the Intel FPGA IP License Agreement, or other applicable license
    Info: agreement, including, without limitation, that your use is for
    Info: the sole purpose of programming logic devices manufactured by
    Info: Intel and sold by Intel or its authorized distributors.  Please
    Info: refer to the applicable agreement for further details, at
    Info: https://fpgasoftware.intel.com/eula.
    Info: Processing started: Fri Oct 24 12:20:37 2025
Info: Command: quartus_map --read_settings_files=on --write_settings_files=off toolflow -c toolflow
Warning (18236): Number of processors has not been specified which may cause overloading on shared machines.  Set the global assignment NUM_PARALLEL_PROCESSORS in your QSF to an appropriate value for best performance.
Info (20030): Parallel compilation is enabled and will use 12 of the 12 processors detected
Info (12021): Found 2 design units, including 1 entities, in source file /home/anthonw/Desktop/CPRE_3810_B3/cpre3810-toolflowAgain/proj/src/Components/ALUUnit.vhd
    Info (12022): Found design unit 1: ALUUnit-structural File: /home/anthonw/Desktop/CPRE_3810_B3/cpre3810-toolflowAgain/proj/src/Components/ALUUnit.vhd Line: 21
    Info (12023): Found entity 1: ALUUnit File: /home/anthonw/Desktop/CPRE_3810_B3/cpre3810-toolflowAgain/proj/src/Components/ALUUnit.vhd Line: 6
Info (12021): Found 2 design units, including 1 entities, in source file /home/anthonw/Desktop/CPRE_3810_B3/cpre3810-toolflowAgain/proj/src/Components/Control_Unit_2.0.vhd
    Info (12022): Found design unit 1: control_Unit_2-dataflow File: /home/anthonw/Desktop/CPRE_3810_B3/cpre3810-toolflowAgain/proj/src/Components/Control_Unit_2.0.vhd Line: 29
    Info (12023): Found entity 1: Control_Unit_2 File: /home/anthonw/Desktop/CPRE_3810_B3/cpre3810-toolflowAgain/proj/src/Components/Control_Unit_2.0.vhd Line: 5
Info (12021): Found 2 design units, including 1 entities, in source file /home/anthonw/Desktop/CPRE_3810_B3/cpre3810-toolflowAgain/proj/src/Components/PC-register.vhd
    Info (12022): Found design unit 1: PCRegister-Structural File: /home/anthonw/Desktop/CPRE_3810_B3/cpre3810-toolflowAgain/proj/src/Components/PC-register.vhd Line: 18
    Info (12023): Found entity 1: PCRegister File: /home/anthonw/Desktop/CPRE_3810_B3/cpre3810-toolflowAgain/proj/src/Components/PC-register.vhd Line: 4
Info (12021): Found 2 design units, including 1 entities, in source file /home/anthonw/Desktop/CPRE_3810_B3/cpre3810-toolflowAgain/proj/src/Components/adder-subtractor.vhd
    Info (12022): Found design unit 1: adder_subtractor-structural File: /home/anthonw/Desktop/CPRE_3810_B3/cpre3810-toolflowAgain/proj/src/Components/adder-subtractor.vhd Line: 16
    Info (12023): Found entity 1: adder_subtractor File: /home/anthonw/Desktop/CPRE_3810_B3/cpre3810-toolflowAgain/proj/src/Components/adder-subtractor.vhd Line: 4
Info (12021): Found 2 design units, including 1 entities, in source file /home/anthonw/Desktop/CPRE_3810_B3/cpre3810-toolflowAgain/proj/src/Components/adder.vhd
    Info (12022): Found design unit 1: adder-Structural File: /home/anthonw/Desktop/CPRE_3810_B3/cpre3810-toolflowAgain/proj/src/Components/adder.vhd Line: 32
    Info (12023): Found entity 1: adder File: /home/anthonw/Desktop/CPRE_3810_B3/cpre3810-toolflowAgain/proj/src/Components/adder.vhd Line: 22
Info (12021): Found 2 design units, including 1 entities, in source file /home/anthonw/Desktop/CPRE_3810_B3/cpre3810-toolflowAgain/proj/src/Components/and_32bit.vhd
    Info (12022): Found design unit 1: and_32bit-structural File: /home/anthonw/Desktop/CPRE_3810_B3/cpre3810-toolflowAgain/proj/src/Components/and_32bit.vhd Line: 14
    Info (12023): Found entity 1: and_32bit File: /home/anthonw/Desktop/CPRE_3810_B3/cpre3810-toolflowAgain/proj/src/Components/and_32bit.vhd Line: 4
Info (12021): Found 2 design units, including 1 entities, in source file /home/anthonw/Desktop/CPRE_3810_B3/cpre3810-toolflowAgain/proj/src/Components/andg2.vhd
    Info (12022): Found design unit 1: andg2-dataflow File: /home/anthonw/Desktop/CPRE_3810_B3/cpre3810-toolflowAgain/proj/src/Components/andg2.vhd Line: 31
    Info (12023): Found entity 1: andg2 File: /home/anthonw/Desktop/CPRE_3810_B3/cpre3810-toolflowAgain/proj/src/Components/andg2.vhd Line: 23
Info (12021): Found 2 design units, including 1 entities, in source file /home/anthonw/Desktop/CPRE_3810_B3/cpre3810-toolflowAgain/proj/src/Components/bitExtender.vhd
    Info (12022): Found design unit 1: bitExtender-Behavioral File: /home/anthonw/Desktop/CPRE_3810_B3/cpre3810-toolflowAgain/proj/src/Components/bitExtender.vhd Line: 14
    Info (12023): Found entity 1: bitExtender File: /home/anthonw/Desktop/CPRE_3810_B3/cpre3810-toolflowAgain/proj/src/Components/bitExtender.vhd Line: 4
Info (12021): Found 2 design units, including 1 entities, in source file /home/anthonw/Desktop/CPRE_3810_B3/cpre3810-toolflowAgain/proj/src/Components/decoder5to32.vhd
    Info (12022): Found design unit 1: decoder5to32-behavioral File: /home/anthonw/Desktop/CPRE_3810_B3/cpre3810-toolflowAgain/proj/src/Components/decoder5to32.vhd Line: 11
    Info (12023): Found entity 1: decoder5to32 File: /home/anthonw/Desktop/CPRE_3810_B3/cpre3810-toolflowAgain/proj/src/Components/decoder5to32.vhd Line: 4
Info (12021): Found 2 design units, including 1 entities, in source file /home/anthonw/Desktop/CPRE_3810_B3/cpre3810-toolflowAgain/proj/src/Components/dffg.vhd
    Info (12022): Found design unit 1: dffg-mixed File: /home/anthonw/Desktop/CPRE_3810_B3/cpre3810-toolflowAgain/proj/src/Components/dffg.vhd Line: 33
    Info (12023): Found entity 1: dffg File: /home/anthonw/Desktop/CPRE_3810_B3/cpre3810-toolflowAgain/proj/src/Components/dffg.vhd Line: 23
Info (12021): Found 2 design units, including 1 entities, in source file /home/anthonw/Desktop/CPRE_3810_B3/cpre3810-toolflowAgain/proj/src/Components/full_reg_file.vhd
    Info (12022): Found design unit 1: full_reg_file-structural File: /home/anthonw/Desktop/CPRE_3810_B3/cpre3810-toolflowAgain/proj/src/Components/full_reg_file.vhd Line: 21
    Info (12023): Found entity 1: full_reg_file File: /home/anthonw/Desktop/CPRE_3810_B3/cpre3810-toolflowAgain/proj/src/Components/full_reg_file.vhd Line: 7
Info (12021): Found 2 design units, including 1 entities, in source file /home/anthonw/Desktop/CPRE_3810_B3/cpre3810-toolflowAgain/proj/src/Components/goblinBarrel.vhd
    Info (12022): Found design unit 1: goblinBarrel-Behavioral File: /home/anthonw/Desktop/CPRE_3810_B3/cpre3810-toolflowAgain/proj/src/Components/goblinBarrel.vhd Line: 15
    Info (12023): Found entity 1: goblinBarrel File: /home/anthonw/Desktop/CPRE_3810_B3/cpre3810-toolflowAgain/proj/src/Components/goblinBarrel.vhd Line: 5
Info (12021): Found 2 design units, including 1 entities, in source file /home/anthonw/Desktop/CPRE_3810_B3/cpre3810-toolflowAgain/proj/src/Components/invg.vhd
    Info (12022): Found design unit 1: invg-dataflow File: /home/anthonw/Desktop/CPRE_3810_B3/cpre3810-toolflowAgain/proj/src/Components/invg.vhd Line: 30
    Info (12023): Found entity 1: invg File: /home/anthonw/Desktop/CPRE_3810_B3/cpre3810-toolflowAgain/proj/src/Components/invg.vhd Line: 23
Info (12021): Found 2 design units, including 1 entities, in source file /home/anthonw/Desktop/CPRE_3810_B3/cpre3810-toolflowAgain/proj/src/Components/mux2t1.vhd
    Info (12022): Found design unit 1: mux2t1-Structural File: /home/anthonw/Desktop/CPRE_3810_B3/cpre3810-toolflowAgain/proj/src/Components/mux2t1.vhd Line: 31
    Info (12023): Found entity 1: mux2t1 File: /home/anthonw/Desktop/CPRE_3810_B3/cpre3810-toolflowAgain/proj/src/Components/mux2t1.vhd Line: 22
Info (12021): Found 2 design units, including 1 entities, in source file /home/anthonw/Desktop/CPRE_3810_B3/cpre3810-toolflowAgain/proj/src/Components/mux2t1_N.vhd
    Info (12022): Found design unit 1: mux2t1_N-structural File: /home/anthonw/Desktop/CPRE_3810_B3/cpre3810-toolflowAgain/proj/src/Components/mux2t1_N.vhd Line: 30
    Info (12023): Found entity 1: mux2t1_N File: /home/anthonw/Desktop/CPRE_3810_B3/cpre3810-toolflowAgain/proj/src/Components/mux2t1_N.vhd Line: 21
Info (12021): Found 2 design units, including 1 entities, in source file /home/anthonw/Desktop/CPRE_3810_B3/cpre3810-toolflowAgain/proj/src/Components/mux2t1_dataflow.vhd
    Info (12022): Found design unit 1: mux2t1_dataflow-dataflow File: /home/anthonw/Desktop/CPRE_3810_B3/cpre3810-toolflowAgain/proj/src/Components/mux2t1_dataflow.vhd Line: 14
    Info (12023): Found entity 1: mux2t1_dataflow File: /home/anthonw/Desktop/CPRE_3810_B3/cpre3810-toolflowAgain/proj/src/Components/mux2t1_dataflow.vhd Line: 7
Info (12021): Found 2 design units, including 1 entities, in source file /home/anthonw/Desktop/CPRE_3810_B3/cpre3810-toolflowAgain/proj/src/Components/mux32x4t1.vhd
    Info (12022): Found design unit 1: mux4x32t1-dataflow File: /home/anthonw/Desktop/CPRE_3810_B3/cpre3810-toolflowAgain/proj/src/Components/mux32x4t1.vhd Line: 15
    Info (12023): Found entity 1: mux4x32t1 File: /home/anthonw/Desktop/CPRE_3810_B3/cpre3810-toolflowAgain/proj/src/Components/mux32x4t1.vhd Line: 7
Info (12021): Found 2 design units, including 1 entities, in source file /home/anthonw/Desktop/CPRE_3810_B3/cpre3810-toolflowAgain/proj/src/Components/mux4by32.vhd
    Info (12022): Found design unit 1: mux4t1_32-structural File: /home/anthonw/Desktop/CPRE_3810_B3/cpre3810-toolflowAgain/proj/src/Components/mux4by32.vhd Line: 15
    Info (12023): Found entity 1: mux4t1_32 File: /home/anthonw/Desktop/CPRE_3810_B3/cpre3810-toolflowAgain/proj/src/Components/mux4by32.vhd Line: 4
Info (12021): Found 2 design units, including 1 entities, in source file /home/anthonw/Desktop/CPRE_3810_B3/cpre3810-toolflowAgain/proj/src/Components/mux4t1 .vhd
    Info (12022): Found design unit 1: mux4t1-structural File: /home/anthonw/Desktop/CPRE_3810_B3/cpre3810-toolflowAgain/proj/src/Components/mux4t1 .vhd Line: 15
    Info (12023): Found entity 1: mux4t1 File: /home/anthonw/Desktop/CPRE_3810_B3/cpre3810-toolflowAgain/proj/src/Components/mux4t1 .vhd Line: 4
Info (12021): Found 2 design units, including 1 entities, in source file /home/anthonw/Desktop/CPRE_3810_B3/cpre3810-toolflowAgain/proj/src/Components/mux_32by32.vhd
    Info (12022): Found design unit 1: mux_32by32-dataflow File: /home/anthonw/Desktop/CPRE_3810_B3/cpre3810-toolflowAgain/proj/src/Components/mux_32by32.vhd Line: 15
    Info (12023): Found entity 1: mux_32by32 File: /home/anthonw/Desktop/CPRE_3810_B3/cpre3810-toolflowAgain/proj/src/Components/mux_32by32.vhd Line: 7
Info (12021): Found 2 design units, including 1 entities, in source file /home/anthonw/Desktop/CPRE_3810_B3/cpre3810-toolflowAgain/proj/src/Components/n-bit_adder.vhd
    Info (12022): Found design unit 1: Nbit_adder-structural File: /home/anthonw/Desktop/CPRE_3810_B3/cpre3810-toolflowAgain/proj/src/Components/n-bit_adder.vhd Line: 34
    Info (12023): Found entity 1: Nbit_adder File: /home/anthonw/Desktop/CPRE_3810_B3/cpre3810-toolflowAgain/proj/src/Components/n-bit_adder.vhd Line: 23
Info (12021): Found 2 design units, including 1 entities, in source file /home/anthonw/Desktop/CPRE_3810_B3/cpre3810-toolflowAgain/proj/src/Components/nBit_ALU.vhd
    Info (12022): Found design unit 1: nBit_ALU-rtl File: /home/anthonw/Desktop/CPRE_3810_B3/cpre3810-toolflowAgain/proj/src/Components/nBit_ALU.vhd Line: 18
    Info (12023): Found entity 1: nBit_ALU File: /home/anthonw/Desktop/CPRE_3810_B3/cpre3810-toolflowAgain/proj/src/Components/nBit_ALU.vhd Line: 5
Info (12021): Found 2 design units, including 1 entities, in source file /home/anthonw/Desktop/CPRE_3810_B3/cpre3810-toolflowAgain/proj/src/Components/nbit-register.vhd
    Info (12022): Found design unit 1: nbitRegister-Structural File: /home/anthonw/Desktop/CPRE_3810_B3/cpre3810-toolflowAgain/proj/src/Components/nbit-register.vhd Line: 18
    Info (12023): Found entity 1: nbitRegister File: /home/anthonw/Desktop/CPRE_3810_B3/cpre3810-toolflowAgain/proj/src/Components/nbit-register.vhd Line: 4
Info (12021): Found 2 design units, including 1 entities, in source file /home/anthonw/Desktop/CPRE_3810_B3/cpre3810-toolflowAgain/proj/src/Components/nor_32t1bit.vhd
    Info (12022): Found design unit 1: nor_32t1bit-behavioral File: /home/anthonw/Desktop/CPRE_3810_B3/cpre3810-toolflowAgain/proj/src/Components/nor_32t1bit.vhd Line: 12
    Info (12023): Found entity 1: nor_32t1bit File: /home/anthonw/Desktop/CPRE_3810_B3/cpre3810-toolflowAgain/proj/src/Components/nor_32t1bit.vhd Line: 4
Info (12021): Found 2 design units, including 1 entities, in source file /home/anthonw/Desktop/CPRE_3810_B3/cpre3810-toolflowAgain/proj/src/Components/norg2.vhd
    Info (12022): Found design unit 1: norg2-dataflow File: /home/anthonw/Desktop/CPRE_3810_B3/cpre3810-toolflowAgain/proj/src/Components/norg2.vhd Line: 12
    Info (12023): Found entity 1: norg2 File: /home/anthonw/Desktop/CPRE_3810_B3/cpre3810-toolflowAgain/proj/src/Components/norg2.vhd Line: 4
Info (12021): Found 2 design units, including 1 entities, in source file /home/anthonw/Desktop/CPRE_3810_B3/cpre3810-toolflowAgain/proj/src/Components/ones_complementor.vhd
    Info (12022): Found design unit 1: ones_complementor-structural File: /home/anthonw/Desktop/CPRE_3810_B3/cpre3810-toolflowAgain/proj/src/Components/ones_complementor.vhd Line: 19
    Info (12023): Found entity 1: ones_complementor File: /home/anthonw/Desktop/CPRE_3810_B3/cpre3810-toolflowAgain/proj/src/Components/ones_complementor.vhd Line: 9
Info (12021): Found 2 design units, including 1 entities, in source file /home/anthonw/Desktop/CPRE_3810_B3/cpre3810-toolflowAgain/proj/src/Components/onescomp.vhd
    Info (12022): Found design unit 1: onescomp-structural File: /home/anthonw/Desktop/CPRE_3810_B3/cpre3810-toolflowAgain/proj/src/Components/onescomp.vhd Line: 12
    Info (12023): Found entity 1: onescomp File: /home/anthonw/Desktop/CPRE_3810_B3/cpre3810-toolflowAgain/proj/src/Components/onescomp.vhd Line: 4
Info (12021): Found 2 design units, including 1 entities, in source file /home/anthonw/Desktop/CPRE_3810_B3/cpre3810-toolflowAgain/proj/src/Components/or_32bit.vhd
    Info (12022): Found design unit 1: or_32bit-structural File: /home/anthonw/Desktop/CPRE_3810_B3/cpre3810-toolflowAgain/proj/src/Components/or_32bit.vhd Line: 14
    Info (12023): Found entity 1: or_32bit File: /home/anthonw/Desktop/CPRE_3810_B3/cpre3810-toolflowAgain/proj/src/Components/or_32bit.vhd Line: 4
Info (12021): Found 2 design units, including 1 entities, in source file /home/anthonw/Desktop/CPRE_3810_B3/cpre3810-toolflowAgain/proj/src/Components/org2.vhd
    Info (12022): Found design unit 1: org2-dataflow File: /home/anthonw/Desktop/CPRE_3810_B3/cpre3810-toolflowAgain/proj/src/Components/org2.vhd Line: 31
    Info (12023): Found entity 1: org2 File: /home/anthonw/Desktop/CPRE_3810_B3/cpre3810-toolflowAgain/proj/src/Components/org2.vhd Line: 23
Info (12021): Found 2 design units, including 1 entities, in source file /home/anthonw/Desktop/CPRE_3810_B3/cpre3810-toolflowAgain/proj/src/Components/xor_32bit.vhd
    Info (12022): Found design unit 1: xor_32bit-structural File: /home/anthonw/Desktop/CPRE_3810_B3/cpre3810-toolflowAgain/proj/src/Components/xor_32bit.vhd Line: 14
    Info (12023): Found entity 1: xor_32bit File: /home/anthonw/Desktop/CPRE_3810_B3/cpre3810-toolflowAgain/proj/src/Components/xor_32bit.vhd Line: 4
Info (12021): Found 2 design units, including 1 entities, in source file /home/anthonw/Desktop/CPRE_3810_B3/cpre3810-toolflowAgain/proj/src/Components/xorg2.vhd
    Info (12022): Found design unit 1: xorg2-dataflow File: /home/anthonw/Desktop/CPRE_3810_B3/cpre3810-toolflowAgain/proj/src/Components/xorg2.vhd Line: 31
    Info (12023): Found entity 1: xorg2 File: /home/anthonw/Desktop/CPRE_3810_B3/cpre3810-toolflowAgain/proj/src/Components/xorg2.vhd Line: 23
Info (12021): Found 2 design units, including 0 entities, in source file /home/anthonw/Desktop/CPRE_3810_B3/cpre3810-toolflowAgain/proj/src/RISCV_types.vhd
    Info (12022): Found design unit 1: RISCV_types File: /home/anthonw/Desktop/CPRE_3810_B3/cpre3810-toolflowAgain/proj/src/RISCV_types.vhd Line: 15
    Info (12022): Found design unit 2: RISCV_types-body File: /home/anthonw/Desktop/CPRE_3810_B3/cpre3810-toolflowAgain/proj/src/RISCV_types.vhd Line: 33
Info (12021): Found 2 design units, including 1 entities, in source file /home/anthonw/Desktop/CPRE_3810_B3/cpre3810-toolflowAgain/proj/src/TopLevel/RISCV_Processor.vhd
    Info (12022): Found design unit 1: RISCV_Processor-structure File: /home/anthonw/Desktop/CPRE_3810_B3/cpre3810-toolflowAgain/proj/src/TopLevel/RISCV_Processor.vhd Line: 37
    Info (12023): Found entity 1: RISCV_Processor File: /home/anthonw/Desktop/CPRE_3810_B3/cpre3810-toolflowAgain/proj/src/TopLevel/RISCV_Processor.vhd Line: 25
Info (12021): Found 2 design units, including 1 entities, in source file /home/anthonw/Desktop/CPRE_3810_B3/cpre3810-toolflowAgain/proj/src/TopLevel/mem.vhd
    Info (12022): Found design unit 1: mem-rtl File: /home/anthonw/Desktop/CPRE_3810_B3/cpre3810-toolflowAgain/proj/src/TopLevel/mem.vhd Line: 27
    Info (12023): Found entity 1: mem File: /home/anthonw/Desktop/CPRE_3810_B3/cpre3810-toolflowAgain/proj/src/TopLevel/mem.vhd Line: 8
Info (12021): Found 1 design units, including 0 entities, in source file /home/anthonw/Desktop/CPRE_3810_B3/cpre3810-toolflowAgain/proj/src/reg_array.vhd
    Info (12022): Found design unit 1: reg_array File: /home/anthonw/Desktop/CPRE_3810_B3/cpre3810-toolflowAgain/proj/src/reg_array.vhd Line: 4
Info (12127): Elaborating entity "RISCV_Processor" for the top level hierarchy
Warning (10036): Verilog HDL or VHDL warning at RISCV_Processor.vhd(56): object "s_Halt" assigned a value but never read File: /home/anthonw/Desktop/CPRE_3810_B3/cpre3810-toolflowAgain/proj/src/TopLevel/RISCV_Processor.vhd Line: 56
Info (12128): Elaborating entity "mem" for hierarchy "mem:IMem" File: /home/anthonw/Desktop/CPRE_3810_B3/cpre3810-toolflowAgain/proj/src/TopLevel/RISCV_Processor.vhd Line: 317
Info (12128): Elaborating entity "nbitRegister" for hierarchy "nbitRegister:PCCounter_inst" File: /home/anthonw/Desktop/CPRE_3810_B3/cpre3810-toolflowAgain/proj/src/TopLevel/RISCV_Processor.vhd Line: 339
Info (12128): Elaborating entity "dffg" for hierarchy "nbitRegister:PCCounter_inst|dffg:\G_nbit_reg:0:MUXI" File: /home/anthonw/Desktop/CPRE_3810_B3/cpre3810-toolflowAgain/proj/src/Components/nbit-register.vhd Line: 29
Info (12128): Elaborating entity "Nbit_adder" for hierarchy "Nbit_adder:pc4adder" File: /home/anthonw/Desktop/CPRE_3810_B3/cpre3810-toolflowAgain/proj/src/TopLevel/RISCV_Processor.vhd Line: 350
Info (12128): Elaborating entity "adder" for hierarchy "Nbit_adder:pc4adder|adder:\gen_adder:0:FA" File: /home/anthonw/Desktop/CPRE_3810_B3/cpre3810-toolflowAgain/proj/src/Components/n-bit_adder.vhd Line: 57
Info (12128): Elaborating entity "andg2" for hierarchy "Nbit_adder:pc4adder|adder:\gen_adder:0:FA|andg2:P1" File: /home/anthonw/Desktop/CPRE_3810_B3/cpre3810-toolflowAgain/proj/src/Components/adder.vhd Line: 69
Info (12128): Elaborating entity "xorg2" for hierarchy "Nbit_adder:pc4adder|adder:\gen_adder:0:FA|xorg2:P2" File: /home/anthonw/Desktop/CPRE_3810_B3/cpre3810-toolflowAgain/proj/src/Components/adder.vhd Line: 74
Info (12128): Elaborating entity "org2" for hierarchy "Nbit_adder:pc4adder|adder:\gen_adder:0:FA|org2:P5" File: /home/anthonw/Desktop/CPRE_3810_B3/cpre3810-toolflowAgain/proj/src/Components/adder.vhd Line: 90
Info (12128): Elaborating entity "Control_Unit_2" for hierarchy "Control_Unit_2:Control_Unit_inst" File: /home/anthonw/Desktop/CPRE_3810_B3/cpre3810-toolflowAgain/proj/src/TopLevel/RISCV_Processor.vhd Line: 360
Info (12128): Elaborating entity "decoder5to32" for hierarchy "decoder5to32:decoder_inst" File: /home/anthonw/Desktop/CPRE_3810_B3/cpre3810-toolflowAgain/proj/src/TopLevel/RISCV_Processor.vhd Line: 387
Info (12128): Elaborating entity "mux_32by32" for hierarchy "mux_32by32:rs1_mux" File: /home/anthonw/Desktop/CPRE_3810_B3/cpre3810-toolflowAgain/proj/src/TopLevel/RISCV_Processor.vhd Line: 400
Info (12128): Elaborating entity "bitExtender" for hierarchy "bitExtender:bitExtender_inst" File: /home/anthonw/Desktop/CPRE_3810_B3/cpre3810-toolflowAgain/proj/src/TopLevel/RISCV_Processor.vhd Line: 403
Info (12128): Elaborating entity "mux2t1_N" for hierarchy "mux2t1_N:rs2_or_imm_mux" File: /home/anthonw/Desktop/CPRE_3810_B3/cpre3810-toolflowAgain/proj/src/TopLevel/RISCV_Processor.vhd Line: 412
Info (12128): Elaborating entity "mux2t1" for hierarchy "mux2t1_N:rs2_or_imm_mux|mux2t1:\G_NBit_MUX:0:MUXI" File: /home/anthonw/Desktop/CPRE_3810_B3/cpre3810-toolflowAgain/proj/src/Components/mux2t1_N.vhd Line: 43
Info (12128): Elaborating entity "invg" for hierarchy "mux2t1_N:rs2_or_imm_mux|mux2t1:\G_NBit_MUX:0:MUXI|invg:P1" File: /home/anthonw/Desktop/CPRE_3810_B3/cpre3810-toolflowAgain/proj/src/Components/mux2t1.vhd Line: 66
Info (12128): Elaborating entity "ALUUnit" for hierarchy "ALUUnit:ALU_inst" File: /home/anthonw/Desktop/CPRE_3810_B3/cpre3810-toolflowAgain/proj/src/TopLevel/RISCV_Processor.vhd Line: 423
Warning (10036): Verilog HDL or VHDL warning at ALUUnit.vhd(95): object "adderZ" assigned a value but never read File: /home/anthonw/Desktop/CPRE_3810_B3/cpre3810-toolflowAgain/proj/src/Components/ALUUnit.vhd Line: 95
Warning (10036): Verilog HDL or VHDL warning at ALUUnit.vhd(95): object "adderN" assigned a value but never read File: /home/anthonw/Desktop/CPRE_3810_B3/cpre3810-toolflowAgain/proj/src/Components/ALUUnit.vhd Line: 95
Info (12128): Elaborating entity "and_32bit" for hierarchy "ALUUnit:ALU_inst|and_32bit:andUnit" File: /home/anthonw/Desktop/CPRE_3810_B3/cpre3810-toolflowAgain/proj/src/Components/ALUUnit.vhd Line: 110
Info (12128): Elaborating entity "or_32bit" for hierarchy "ALUUnit:ALU_inst|or_32bit:orUnit" File: /home/anthonw/Desktop/CPRE_3810_B3/cpre3810-toolflowAgain/proj/src/Components/ALUUnit.vhd Line: 117
Info (12128): Elaborating entity "xor_32bit" for hierarchy "ALUUnit:ALU_inst|xor_32bit:xorUnit" File: /home/anthonw/Desktop/CPRE_3810_B3/cpre3810-toolflowAgain/proj/src/Components/ALUUnit.vhd Line: 124
Info (12128): Elaborating entity "nBit_ALU" for hierarchy "ALUUnit:ALU_inst|nBit_ALU:addsub" File: /home/anthonw/Desktop/CPRE_3810_B3/cpre3810-toolflowAgain/proj/src/Components/ALUUnit.vhd Line: 132
Info (12128): Elaborating entity "mux2t1_N" for hierarchy "ALUUnit:ALU_inst|mux2t1_N:muxBeforeResult" File: /home/anthonw/Desktop/CPRE_3810_B3/cpre3810-toolflowAgain/proj/src/Components/ALUUnit.vhd Line: 145
Info (12128): Elaborating entity "mux4x32t1" for hierarchy "ALUUnit:ALU_inst|mux4x32t1:muxResult" File: /home/anthonw/Desktop/CPRE_3810_B3/cpre3810-toolflowAgain/proj/src/Components/ALUUnit.vhd Line: 155
Info (12128): Elaborating entity "mux4t1" for hierarchy "mux4t1:alu_flag_mux_flag_out" File: /home/anthonw/Desktop/CPRE_3810_B3/cpre3810-toolflowAgain/proj/src/TopLevel/RISCV_Processor.vhd Line: 440
Info (12128): Elaborating entity "goblinBarrel" for hierarchy "goblinBarrel:goblinBarrel_inst" File: /home/anthonw/Desktop/CPRE_3810_B3/cpre3810-toolflowAgain/proj/src/TopLevel/RISCV_Processor.vhd Line: 513
Warning (10036): Verilog HDL or VHDL warning at goblinBarrel.vhd(26): object "shift_LR" assigned a value but never read File: /home/anthonw/Desktop/CPRE_3810_B3/cpre3810-toolflowAgain/proj/src/Components/goblinBarrel.vhd Line: 26
Info (12128): Elaborating entity "mux4t1_32" for hierarchy "mux4t1_32:mux4t1_and_link_mux" File: /home/anthonw/Desktop/CPRE_3810_B3/cpre3810-toolflowAgain/proj/src/TopLevel/RISCV_Processor.vhd Line: 568
Info (276014): Found 2 instances of uninferred RAM logic
    Info (276007): RAM logic "mem:IMem|ram" is uninferred due to asynchronous read logic File: /home/anthonw/Desktop/CPRE_3810_B3/cpre3810-toolflowAgain/proj/src/TopLevel/mem.vhd Line: 35
    Info (276007): RAM logic "mem:DMem|ram" is uninferred due to asynchronous read logic File: /home/anthonw/Desktop/CPRE_3810_B3/cpre3810-toolflowAgain/proj/src/TopLevel/mem.vhd Line: 35
Warning (276002): Cannot convert all sets of registers into RAM megafunctions when creating nodes; therefore, the resulting number of registers remaining in design can cause longer compilation time or result in insufficient memory to complete Analysis and Synthesis
Info (286030): Timing-Driven Synthesis is running
Info (16010): Generating hard_block partition "hard_block:auto_generated_inst"
    Info (16011): Adding 0 node(s), including 0 DDIO, 0 PLL, 0 transceiver and 0 LCELL
Warning (21074): Design contains 22 input pin(s) that do not drive logic
    Warning (15610): No output dependent on input pin "iInstAddr[0]" File: /home/anthonw/Desktop/CPRE_3810_B3/cpre3810-toolflowAgain/proj/src/TopLevel/RISCV_Processor.vhd Line: 30
    Warning (15610): No output dependent on input pin "iInstAddr[1]" File: /home/anthonw/Desktop/CPRE_3810_B3/cpre3810-toolflowAgain/proj/src/TopLevel/RISCV_Processor.vhd Line: 30
    Warning (15610): No output dependent on input pin "iInstAddr[12]" File: /home/anthonw/Desktop/CPRE_3810_B3/cpre3810-toolflowAgain/proj/src/TopLevel/RISCV_Processor.vhd Line: 30
    Warning (15610): No output dependent on input pin "iInstAddr[13]" File: /home/anthonw/Desktop/CPRE_3810_B3/cpre3810-toolflowAgain/proj/src/TopLevel/RISCV_Processor.vhd Line: 30
    Warning (15610): No output dependent on input pin "iInstAddr[14]" File: /home/anthonw/Desktop/CPRE_3810_B3/cpre3810-toolflowAgain/proj/src/TopLevel/RISCV_Processor.vhd Line: 30
    Warning (15610): No output dependent on input pin "iInstAddr[15]" File: /home/anthonw/Desktop/CPRE_3810_B3/cpre3810-toolflowAgain/proj/src/TopLevel/RISCV_Processor.vhd Line: 30
    Warning (15610): No output dependent on input pin "iInstAddr[16]" File: /home/anthonw/Desktop/CPRE_3810_B3/cpre3810-toolflowAgain/proj/src/TopLevel/RISCV_Processor.vhd Line: 30
    Warning (15610): No output dependent on input pin "iInstAddr[17]" File: /home/anthonw/Desktop/CPRE_3810_B3/cpre3810-toolflowAgain/proj/src/TopLevel/RISCV_Processor.vhd Line: 30
    Warning (15610): No output dependent on input pin "iInstAddr[18]" File: /home/anthonw/Desktop/CPRE_3810_B3/cpre3810-toolflowAgain/proj/src/TopLevel/RISCV_Processor.vhd Line: 30
    Warning (15610): No output dependent on input pin "iInstAddr[19]" File: /home/anthonw/Desktop/CPRE_3810_B3/cpre3810-toolflowAgain/proj/src/TopLevel/RISCV_Processor.vhd Line: 30
    Warning (15610): No output dependent on input pin "iInstAddr[20]" File: /home/anthonw/Desktop/CPRE_3810_B3/cpre3810-toolflowAgain/proj/src/TopLevel/RISCV_Processor.vhd Line: 30
    Warning (15610): No output dependent on input pin "iInstAddr[21]" File: /home/anthonw/Desktop/CPRE_3810_B3/cpre3810-toolflowAgain/proj/src/TopLevel/RISCV_Processor.vhd Line: 30
    Warning (15610): No output dependent on input pin "iInstAddr[22]" File: /home/anthonw/Desktop/CPRE_3810_B3/cpre3810-toolflowAgain/proj/src/TopLevel/RISCV_Processor.vhd Line: 30
    Warning (15610): No output dependent on input pin "iInstAddr[23]" File: /home/anthonw/Desktop/CPRE_3810_B3/cpre3810-toolflowAgain/proj/src/TopLevel/RISCV_Processor.vhd Line: 30
    Warning (15610): No output dependent on input pin "iInstAddr[24]" File: /home/anthonw/Desktop/CPRE_3810_B3/cpre3810-toolflowAgain/proj/src/TopLevel/RISCV_Processor.vhd Line: 30
    Warning (15610): No output dependent on input pin "iInstAddr[25]" File: /home/anthonw/Desktop/CPRE_3810_B3/cpre3810-toolflowAgain/proj/src/TopLevel/RISCV_Processor.vhd Line: 30
    Warning (15610): No output dependent on input pin "iInstAddr[26]" File: /home/anthonw/Desktop/CPRE_3810_B3/cpre3810-toolflowAgain/proj/src/TopLevel/RISCV_Processor.vhd Line: 30
    Warning (15610): No output dependent on input pin "iInstAddr[27]" File: /home/anthonw/Desktop/CPRE_3810_B3/cpre3810-toolflowAgain/proj/src/TopLevel/RISCV_Processor.vhd Line: 30
    Warning (15610): No output dependent on input pin "iInstAddr[28]" File: /home/anthonw/Desktop/CPRE_3810_B3/cpre3810-toolflowAgain/proj/src/TopLevel/RISCV_Processor.vhd Line: 30
    Warning (15610): No output dependent on input pin "iInstAddr[29]" File: /home/anthonw/Desktop/CPRE_3810_B3/cpre3810-toolflowAgain/proj/src/TopLevel/RISCV_Processor.vhd Line: 30
    Warning (15610): No output dependent on input pin "iInstAddr[30]" File: /home/anthonw/Desktop/CPRE_3810_B3/cpre3810-toolflowAgain/proj/src/TopLevel/RISCV_Processor.vhd Line: 30
    Warning (15610): No output dependent on input pin "iInstAddr[31]" File: /home/anthonw/Desktop/CPRE_3810_B3/cpre3810-toolflowAgain/proj/src/TopLevel/RISCV_Processor.vhd Line: 30
Info (21057): Implemented 114487 device resources after synthesis - the final resource count might be different
    Info (21058): Implemented 67 input pins
    Info (21059): Implemented 32 output pins
    Info (21061): Implemented 114388 logic cells
Info: Quartus Prime Analysis & Synthesis was successful. 0 errors, 29 warnings
    Info: Peak virtual memory: 1214 megabytes
    Info: Processing ended: Fri Oct 24 12:24:39 2025
    Info: Elapsed time: 00:04:02
    Info: Total CPU time (on all processors): 00:04:07
Info: *******************************************************************
Info: Running Quartus Prime Fitter
    Info: Version 20.1.1 Build 720 11/11/2020 SJ Standard Edition
    Info: Copyright (C) 2020  Intel Corporation. All rights reserved.
    Info: Your use of Intel Corporation's design tools, logic functions 
    Info: and other software and tools, and any partner logic 
    Info: functions, and any output files from any of the foregoing 
    Info: (including device programming or simulation files), and any 
    Info: associated documentation or information are expressly subject 
    Info: to the terms and conditions of the Intel Program License 
    Info: Subscription Agreement, the Intel Quartus Prime License Agreement,
    Info: the Intel FPGA IP License Agreement, or other applicable license
    Info: agreement, including, without limitation, that your use is for
    Info: the sole purpose of programming logic devices manufactured by
    Info: Intel and sold by Intel or its authorized distributors.  Please
    Info: refer to the applicable agreement for further details, at
    Info: https://fpgasoftware.intel.com/eula.
    Info: Processing started: Fri Oct 24 12:24:40 2025
Info: Command: quartus_fit --read_settings_files=on --write_settings_files=off toolflow -c toolflow
Info: qfit2_default_script.tcl version: #1
Info: Project  = toolflow
Info: Revision = toolflow
Warning (18236): Number of processors has not been specified which may cause overloading on shared machines.  Set the global assignment NUM_PARALLEL_PROCESSORS in your QSF to an appropriate value for best performance.
Info (20030): Parallel compilation is enabled and will use 12 of the 12 processors detected
Info (119006): Selected device EP4CE115F29C7 for design "toolflow"
Info (21076): High junction temperature operating condition is not set. Assuming a default value of '85'.
Info (21076): Low junction temperature operating condition is not set. Assuming a default value of '0'.
Info (171003): Fitter is performing an Auto Fit compilation, which may decrease Fitter effort to reduce compilation time
Info (176444): Device migration not selected. If you intend to use device migration later, you may need to change the pin assignments as they may be incompatible with other devices
    Info (176445): Device EP4CE40F29C7 is compatible
    Info (176445): Device EP4CE40F29I7 is compatible
    Info (176445): Device EP4CE30F29C7 is compatible
    Info (176445): Device EP4CE30F29I7 is compatible
    Info (176445): Device EP4CE55F29C7 is compatible
    Info (176445): Device EP4CE55F29I7 is compatible
    Info (176445): Device EP4CE75F29C7 is compatible
    Info (176445): Device EP4CE75F29I7 is compatible
    Info (176445): Device EP4CE115F29I7 is compatible
Info (169124): Fitter converted 5 user pins into dedicated programming pins
    Info (169125): Pin ~ALTERA_ASDO_DATA1~ is reserved at location F4
    Info (169125): Pin ~ALTERA_FLASH_nCE_nCSO~ is reserved at location E2
    Info (169125): Pin ~ALTERA_DCLK~ is reserved at location P3
    Info (169125): Pin ~ALTERA_DATA0~ is reserved at location N7
    Info (169125): Pin ~ALTERA_nCEO~ is reserved at location P28
Warning (15714): Some pins have incomplete I/O assignments. Refer to the I/O Assignment Warnings report for details
Critical Warning (169085): No exact pin location assignment(s) for 99 pins of 99 total pins. For the list of pins please refer to the I/O Assignment Warnings table in the fitter report.
Info (332104): Reading SDC File: 'toolflow.sdc'
Info (332129): Detected timing requirements -- optimizing circuit to achieve only the specified requirements
Info (332111): Found 1 clocks
    Info (332111):   Period   Clock Name
    Info (332111): ======== ============
    Info (332111):   20.000         iCLK
Info (176353): Automatically promoted node iCLK~input (placed in PIN J1 (CLK1, DIFFCLK_0n)) File: /home/anthonw/Desktop/CPRE_3810_B3/cpre3810-toolflowAgain/proj/src/TopLevel/RISCV_Processor.vhd Line: 27
    Info (176355): Automatically promoted destinations to use location or clock signal Global Clock CLKCTRL_G2
Info (176353): Automatically promoted node iRST~input (placed in PIN Y2 (CLK2, DIFFCLK_1p)) File: /home/anthonw/Desktop/CPRE_3810_B3/cpre3810-toolflowAgain/proj/src/TopLevel/RISCV_Processor.vhd Line: 28
    Info (176355): Automatically promoted destinations to use location or clock signal Global Clock CLKCTRL_G4
Info (176233): Starting register packing
Info (176235): Finished register packing
    Extra Info (176219): No registers were packed into other blocks
Info (176214): Statistics of I/O pins that need to be placed that use the same VCCIO and VREF, before I/O pin placement
    Info (176211): Number of I/O pins in group: 97 (unused VREF, 2.5V VCCIO, 65 input, 32 output, 0 bidirectional)
        Info (176212): I/O standards used: 2.5 V.
Info (176215): I/O bank details before I/O pin placement
    Info (176214): Statistics of I/O banks
        Info (176213): I/O bank number 1 does not use VREF pins and has undetermined VCCIO pins. 5 total pin(s) used --  51 pins available
        Info (176213): I/O bank number 2 does not use VREF pins and has undetermined VCCIO pins. 1 total pin(s) used --  62 pins available
        Info (176213): I/O bank number 3 does not use VREF pins and has undetermined VCCIO pins. 0 total pin(s) used --  73 pins available
        Info (176213): I/O bank number 4 does not use VREF pins and has undetermined VCCIO pins. 0 total pin(s) used --  71 pins available
        Info (176213): I/O bank number 5 does not use VREF pins and has undetermined VCCIO pins. 0 total pin(s) used --  65 pins available
        Info (176213): I/O bank number 6 does not use VREF pins and has undetermined VCCIO pins. 1 total pin(s) used --  57 pins available
        Info (176213): I/O bank number 7 does not use VREF pins and has undetermined VCCIO pins. 0 total pin(s) used --  72 pins available
        Info (176213): I/O bank number 8 does not use VREF pins and has undetermined VCCIO pins. 0 total pin(s) used --  71 pins available
Info (171121): Fitter preparation operations ending: elapsed time is 00:00:55
Info (14896): Fitter has disabled Advanced Physical Optimization because it is not supported for the current family.
Info (170189): Fitter placement preparation operations beginning
Info (170190): Fitter placement preparation operations ending: elapsed time is 00:00:11
Info (170191): Fitter placement operations beginning
Info (170137): Fitter placement was successful
Info (170192): Fitter placement operations ending: elapsed time is 00:02:05
Info (170193): Fitter routing operations beginning
Info (170195): Router estimated average interconnect usage is 34% of the available device resources
    Info (170196): Router estimated peak interconnect usage is 58% of the available device resources in the region that extends from location X69_Y24 to location X80_Y36
Info (170199): The Fitter performed an Auto Fit compilation.  Optimizations were skipped to reduce compilation time.
    Info (170201): Optimizations that may affect the design's routability were skipped
Info (170194): Fitter routing operations ending: elapsed time is 00:19:34
Info (11888): Total time spent on timing analysis during the Fitter is 501.57 seconds.
Info (334003): Started post-fitting delay annotation
Info (334004): Delay annotation completed successfully
Info (334003): Started post-fitting delay annotation
Info (334004): Delay annotation completed successfully
Info (11218): Fitter post-fit operations ending: elapsed time is 00:00:20
Info (144001): Generated suppressed messages file /home/anthonw/Desktop/CPRE_3810_B3/cpre3810-toolflowAgain/internal/QuartusWork/output_files/toolflow.fit.smsg
Info: Quartus Prime Fitter was successful. 0 errors, 3 warnings
    Info: Peak virtual memory: 3374 megabytes
    Info: Processing ended: Fri Oct 24 12:48:30 2025
    Info: Elapsed time: 00:23:50
    Info: Total CPU time (on all processors): 00:36:37
Info: *******************************************************************
Info: Running Quartus Prime Assembler
    Info: Version 20.1.1 Build 720 11/11/2020 SJ Standard Edition
    Info: Copyright (C) 2020  Intel Corporation. All rights reserved.
    Info: Your use of Intel Corporation's design tools, logic functions 
    Info: and other software and tools, and any partner logic 
    Info: functions, and any output files from any of the foregoing 
    Info: (including device programming or simulation files), and any 
    Info: associated documentation or information are expressly subject 
    Info: to the terms and conditions of the Intel Program License 
    Info: Subscription Agreement, the Intel Quartus Prime License Agreement,
    Info: the Intel FPGA IP License Agreement, or other applicable license
    Info: agreement, including, without limitation, that your use is for
    Info: the sole purpose of programming logic devices manufactured by
    Info: Intel and sold by Intel or its authorized distributors.  Please
    Info: refer to the applicable agreement for further details, at
    Info: https://fpgasoftware.intel.com/eula.
    Info: Processing started: Fri Oct 24 12:48:31 2025
Info: Command: quartus_asm --read_settings_files=on --write_settings_files=off toolflow -c toolflow
Warning (18236): Number of processors has not been specified which may cause overloading on shared machines.  Set the global assignment NUM_PARALLEL_PROCESSORS in your QSF to an appropriate value for best performance.
Info (115031): Writing out detailed assembly data for power analysis
Info (115030): Assembler is generating device programming files
Info: Quartus Prime Assembler was successful. 0 errors, 1 warning
    Info: Peak virtual memory: 839 megabytes
    Info: Processing ended: Fri Oct 24 12:48:36 2025
    Info: Elapsed time: 00:00:05
    Info: Total CPU time (on all processors): 00:00:05
