In clock cycle: 0
Register Write to Reg: 0x05 Val: 0x0000F000
In clock cycle: 1
Register Write to Reg: 0x05 Val: 0x00007800
In clock cycle: 2
Register Write to Reg: 0x05 Val: 0x00003C00
In clock cycle: 3
Register Write to Reg: 0x05 Val: 0x00001E00
In clock cycle: 4
Register Write to Reg: 0x05 Val: 0x00000F00
In clock cycle: 5
Register Write to Reg: 0x05 Val: 0x00000780
In clock cycle: 6
Register Write to Reg: 0x05 Val: 0x000003C0
In clock cycle: 7
Register Write to Reg: 0x05 Val: 0x000001E0
In clock cycle: 8
Register Write to Reg: 0x05 Val: 0x000000F0
In clock cycle: 9
Register Write to Reg: 0x05 Val: 0x000000F0
In clock cycle: 10
Register Write to Reg: 0x05 Val: 0x00000000
Execution is stopping! Clock Cycle: 11
