[inst #1] srl x5,x0,x0
Register Write to Reg: 0x05 Val: 0x00000000
[inst #2] addi x6,x0,100
Register Write to Reg: 0x06 Val: 0x00000064
[inst #3] addi x7,x0,31
Register Write to Reg: 0x07 Val: 0x0000001F
[inst #4] srl x5,x6,x7
Register Write to Reg: 0x05 Val: 0x00000000
[inst #5] addi x6,x0,1
Register Write to Reg: 0x06 Val: 0x00000001
[inst #6] addi x7,x0,31
Register Write to Reg: 0x07 Val: 0x0000001F
[inst #7] srl x5,x6,x7
Register Write to Reg: 0x05 Val: 0x00000000
[inst #8] lui x6,48879
Register Write to Reg: 0x06 Val: 0x0BEEF000
[inst #9] addi x7,x0,31
Register Write to Reg: 0x07 Val: 0x0000001F
[inst #10] srl x5,x6,x7
Register Write to Reg: 0x05 Val: 0x00000000
[inst #11] wfi 

Program terminated by dropping off the bottom.
