In clock cycle: 0
Register Write to Reg: 0x05 Val: 0x55550000
In clock cycle: 1
Register Write to Reg: 0x06 Val: 0x2AAA8000
In clock cycle: 2
Register Write to Reg: 0x06 Val: 0x0000AAAA
In clock cycle: 3
Register Write to Reg: 0x05 Val: 0xCCCC0000
In clock cycle: 4
Register Write to Reg: 0x06 Val: 0xE6660000
In clock cycle: 5
Register Write to Reg: 0x06 Val: 0xFFFF9998
In clock cycle: 6
Register Write to Reg: 0x05 Val: 0x80000000
In clock cycle: 7
Register Write to Reg: 0x05 Val: 0x7FFFFFFF
In clock cycle: 8
Register Write to Reg: 0x06 Val: 0x3FFFFFFF
In clock cycle: 9
Register Write to Reg: 0x06 Val: 0x00000000
Execution is stopping! Clock Cycle: 10
