[inst #1] lui x5,349520
Register Write to Reg: 0x05 Val: 0x55550000
[inst #2] srai x6,x5,1
Register Write to Reg: 0x06 Val: 0x2AAA8000
[inst #3] srai x6,x5,15
Register Write to Reg: 0x06 Val: 0x0000AAAA
[inst #4] lui x5,838848
Register Write to Reg: 0x05 Val: 0xCCCC0000
[inst #5] srai x6,x5,1
Register Write to Reg: 0x06 Val: 0xE6660000
[inst #6] srai x6,x5,15
Register Write to Reg: 0x06 Val: 0xFFFF9998
[inst #7] lui x5,524288
Register Write to Reg: 0x05 Val: 0x80000000
[inst #8] addi x5,x5,-1
Register Write to Reg: 0x05 Val: 0x7FFFFFFF
[inst #9] srai x6,x5,1
Register Write to Reg: 0x06 Val: 0x3FFFFFFF
[inst #10] srai x6,x5,31
Register Write to Reg: 0x06 Val: 0x00000000
[inst #11] wfi 

Program terminated by dropping off the bottom.
