In clock cycle: 0
Register Write to Reg: 0x08 Val: 0x10010000
In clock cycle: 1
Register Write to Reg: 0x05 Val: 0x0000002A
In clock cycle: 2
Memory Write to Addr: 0x10010000 Val: 0x0000002A
In clock cycle: 3
Memory Write to Addr: 0x10010004 Val: 0x0000002A
In clock cycle: 4
Memory Write to Addr: 0x10010008 Val: 0x0000002A
In clock cycle: 5
Memory Write to Addr: 0x1001000C Val: 0x0000002A
In clock cycle: 6
Memory Write to Addr: 0x10010010 Val: 0x0000002A
In clock cycle: 7
Memory Write to Addr: 0x10010014 Val: 0x0000002A
In clock cycle: 8
Memory Write to Addr: 0x10010018 Val: 0x0000002A
In clock cycle: 9
Memory Write to Addr: 0x1001001C Val: 0x0000002A
Execution is stopping! Clock Cycle: 10
