[inst #1] addi x5,x0,5
Register Write to Reg: 0x05 Val: 0x00000005
[inst #2] addi x6,x0,2
Register Write to Reg: 0x06 Val: 0x00000002
[inst #3] sll x10,x5,x6
Register Write to Reg: 0x0A Val: 0x00000014
[inst #4] addi x5,x0,7
Register Write to Reg: 0x05 Val: 0x00000007
[inst #5] addi x6,x0,4
Register Write to Reg: 0x06 Val: 0x00000004
[inst #6] sll x13,x5,x6
Register Write to Reg: 0x0D Val: 0x00000070
[inst #7] addi x5,x0,1
Register Write to Reg: 0x05 Val: 0x00000001
[inst #8] addi x6,x0,10
Register Write to Reg: 0x06 Val: 0x0000000A
[inst #9] sll x14,x5,x6
Register Write to Reg: 0x0E Val: 0x00000400
[inst #10] addi x5,x0,5
Register Write to Reg: 0x05 Val: 0x00000005
[inst #11] addi x6,x0,0
Register Write to Reg: 0x06 Val: 0x00000000
[inst #12] sll x11,x5,x6
Register Write to Reg: 0x0B Val: 0x00000005
[inst #13] addi x5,x0,0
Register Write to Reg: 0x05 Val: 0x00000000
[inst #14] addi x6,x0,10
Register Write to Reg: 0x06 Val: 0x0000000A
[inst #15] sll x12,x5,x6
Register Write to Reg: 0x0C Val: 0x00000000
[inst #16] wfi 

Program terminated by dropping off the bottom.
