[inst #1] addi x5,x0,0
Register Write to Reg: 0x05 Val: 0x00000000
[inst #2] addi x6,x0,1
Register Write to Reg: 0x06 Val: 0x00000001
[inst #3] addi x7,x0,-1
Register Write to Reg: 0x07 Val: 0xFFFFFFFF
[inst #4] addi x8,x0,7
Register Write to Reg: 0x08 Val: 0x00000007
[inst #5] addi x9,x0,10
Register Write to Reg: 0x09 Val: 0x0000000A
[inst #6] xor x10,x6,x5
Register Write to Reg: 0x0A Val: 0x00000001
[inst #7] add x11,x10,x0
Register Write to Reg: 0x0B Val: 0x00000001
[inst #8] xor x12,x11,x6
Register Write to Reg: 0x0C Val: 0x00000000
[inst #9] add x20,x0,x12
Register Write to Reg: 0x14 Val: 0x00000000
[inst #10] xor x13,x8,x8
Register Write to Reg: 0x0D Val: 0x00000000
[inst #11] add x21,x0,x13
Register Write to Reg: 0x15 Val: 0x00000000
[inst #12] xor x14,x5,x9
Register Write to Reg: 0x0E Val: 0x0000000A
[inst #13] xor x22,x14,x9
Register Write to Reg: 0x16 Val: 0x00000000
[inst #14] xor x15,x6,x8
Register Write to Reg: 0x0F Val: 0x00000006
[inst #15] xor x16,x8,x6
Register Write to Reg: 0x10 Val: 0x00000006
[inst #16] xor x23,x15,x16
Register Write to Reg: 0x17 Val: 0x00000000
[inst #17] xor x17,x6,x8
Register Write to Reg: 0x11 Val: 0x00000006
[inst #18] xor x17,x17,x9
Register Write to Reg: 0x11 Val: 0x0000000C
[inst #19] xor x18,x8,x9
Register Write to Reg: 0x12 Val: 0x0000000D
[inst #20] xor x18,x6,x18
Register Write to Reg: 0x12 Val: 0x0000000C
[inst #21] xor x24,x17,x18
Register Write to Reg: 0x18 Val: 0x00000000
[inst #22] wfi 

Program terminated by dropping off the bottom.
