In clock cycle: 0
Register Write to Reg: 0x17 Val: 0x00000000
In clock cycle: 1
Register Write to Reg: 0x05 Val: 0x00000005
In clock cycle: 2
Register Write to Reg: 0x06 Val: 0x0000000A
In clock cycle: 3
Register Write to Reg: 0x07 Val: 0x00000005
In clock cycle: 4
Register Write to Reg: 0x1C Val: 0x00000000
In clock cycle: 5
Register Write to Reg: 0x17 Val: 0x00000000
In clock cycle: 6
Register Write to Reg: 0x1D Val: 0x00000005
In clock cycle: 7
Register Write to Reg: 0x1E Val: 0x00000000
In clock cycle: 8
Register Write to Reg: 0x17 Val: 0x00000000
In clock cycle: 9
Register Write to Reg: 0x1F Val: 0x0000000F
In clock cycle: 10
Register Write to Reg: 0x08 Val: 0x0000000F
In clock cycle: 11
Register Write to Reg: 0x09 Val: 0x00000000
In clock cycle: 12
Register Write to Reg: 0x17 Val: 0x00000000
In clock cycle: 13
Register Write to Reg: 0x03 Val: 0x00000000
Execution is stopping! Clock Cycle: 14
