[inst #1] addi x23,x0,0
Register Write to Reg: 0x17 Val: 0x00000000
[inst #2] addi x5,x0,5
Register Write to Reg: 0x05 Val: 0x00000005
[inst #3] addi x6,x0,10
Register Write to Reg: 0x06 Val: 0x0000000A
[inst #4] or x7,x5,x0
Register Write to Reg: 0x07 Val: 0x00000005
[inst #5] xor x28,x7,x5
Register Write to Reg: 0x1C Val: 0x00000000
[inst #6] or x23,x23,x28
Register Write to Reg: 0x17 Val: 0x00000000
[inst #7] or x29,x5,x5
Register Write to Reg: 0x1D Val: 0x00000005
[inst #8] xor x30,x29,x5
Register Write to Reg: 0x1E Val: 0x00000000
[inst #9] or x23,x23,x30
Register Write to Reg: 0x17 Val: 0x00000000
[inst #10] or x31,x5,x6
Register Write to Reg: 0x1F Val: 0x0000000F
[inst #11] or x8,x6,x5
Register Write to Reg: 0x08 Val: 0x0000000F
[inst #12] xor x9,x31,x8
Register Write to Reg: 0x09 Val: 0x00000000
[inst #13] or x23,x23,x9
Register Write to Reg: 0x17 Val: 0x00000000
[inst #14] add x3,x23,x0
Register Write to Reg: 0x03 Val: 0x00000000
[inst #15] wfi 

Program terminated by dropping off the bottom.
