Reading pref.tcl

# 2025.1_2

# vsim -postsimdataflow -debugdb -c -voptargs=""+acc"" tb -do "modelsim_framework.do" -gOUTPUT_TRACE=ms.trace 
# Start time: 11:43:54 on Oct 30,2025
# ** Note: (vsim-8009) Loading existing optimized design _opt
# //  Questa Sim-64
# //  Version 2025.1_2 linux_x86_64 Apr  7 2025
# //
# // Unpublished work. Copyright 2025 Siemens
# //
# // This material contains trade secrets or otherwise confidential information
# // owned by Siemens Industry Software Inc. or its affiliates (collectively,
# // "SISW"), or its licensors. Access to and use of this information is strictly
# // limited as set forth in the Customer's applicable agreements with SISW.
# //
# // This material may not be copied, distributed, or otherwise disclosed outside
# // of the Customer's facilities without the express written permission of SISW,
# // and may not be used in any way not expressly authorized by SISW.
# //
# Loading std.standard
# Loading std.textio(body)
# Loading ieee.std_logic_1164(body)
# Loading ieee.std_logic_textio(body)
# Loading std.env(body)
# Loading work.tb(mixed)#1
# Loading work.riscv_types(body)
# Loading work.reg_array
# Loading work.riscv_processor(structure)#1
# Loading ieee.numeric_std(body)
# Loading work.mem(rtl)#1
# Loading work.pcregister(structural)#1
# Loading work.pc_dffg(mixed)#1
# Loading work.nbit_adder(structural)#1
# Loading work.adder(structural)#1
# Loading work.andg2(dataflow)#1
# Loading work.xorg2(dataflow)#1
# Loading work.org2(dataflow)#1
# Loading work.control_unit_2(dataflow)#1
# Loading work.decoder5to32(behavioral)#1
# Loading work.nbitregister(structural)#1
# Loading work.dffg(mixed)#1
# Loading work.mux_32by32(dataflow)#1
# Loading work.bitextender(behavioral)#1
# Loading work.mux2t1_n(structural)#1
# Loading work.mux2t1(structural)#1
# Loading work.invg(dataflow)#1
# Loading work.aluunit(structural)#1
# Loading work.and_32bit(structural)#1
# Loading work.or_32bit(structural)#1
# Loading work.xor_32bit(structural)#1
# Loading work.nbit_alu(rtl)#1
# Loading work.mux2t1_n(structural)#2
# Loading work.mux4x32t1(dataflow)#1
# Loading work.mux4t1(structural)#1
# Loading work.goblinbarrel(behavioral)#1
# Loading work.mux4t1_32(structural)#1
# Loading work.zeroextender_1to32(behavioral)#1
# ** Note: (vsim-8716) Reusing existing debug database vsim.dbg.
# do modelsim_framework.do
# ** Warning: NUMERIC_STD.TO_INTEGER: metavalue detected, returning 0
#    Time: 0 ns  Iteration: 0  Instance: /tb/MyRiscv/ALU_inst/muxResult
# ** Warning: NUMERIC_STD."=": metavalue detected, returning FALSE
#    Time: 0 ns  Iteration: 0  Instance: /tb/MyRiscv/ALU_inst
# ** Warning: NUMERIC_STD.TO_INTEGER: metavalue detected, returning 0
#    Time: 0 ns  Iteration: 0  Instance: /tb/MyRiscv/rs2_mux
# ** Warning: NUMERIC_STD.TO_INTEGER: metavalue detected, returning 0
#    Time: 0 ns  Iteration: 0  Instance: /tb/MyRiscv/rs1_mux
# ** Warning: NUMERIC_STD.TO_INTEGER: metavalue detected, returning 0
#    Time: 0 ns  Iteration: 0  Instance: /tb/MyRiscv/DMem
# ** Warning: NUMERIC_STD.TO_INTEGER: metavalue detected, returning 0
#    Time: 0 ns  Iteration: 0  Instance: /tb/MyRiscv/IMem
# ** Warning: NUMERIC_STD.TO_INTEGER: metavalue detected, returning 0
#    Time: 0 ns  Iteration: 3  Instance: /tb/MyRiscv/ALU_inst/muxResult
# ** Warning: NUMERIC_STD.TO_INTEGER: metavalue detected, returning 0
#    Time: 0 ns  Iteration: 9  Instance: /tb/MyRiscv/DMem
# ** Warning: NUMERIC_STD.TO_INTEGER: metavalue detected, returning 0
#    Time: 0 ns  Iteration: 14  Instance: /tb/MyRiscv/DMem
# ** Note: Data structure takes 58840824 bytes of memory
#          Process time 0.06 seconds
#          stop
#    Time: 220 ns  Iteration: 1  Instance: /tb
# Break in Process P_DUMP_STATE at /home/dswanny/cpre381/CPRE_3810_B3/cpre3810-toolflowAgain/internal/testpy/tb.vhd line 150
# Stopped at /home/dswanny/cpre381/CPRE_3810_B3/cpre3810-toolflowAgain/internal/testpy/tb.vhd line 150
# End time: 11:43:54 on Oct 30,2025, Elapsed time: 0:00:00
# Errors: 0, Warnings: 9
