[inst #1] addi x1,x0,1
Register Write to Reg: 0x01 Val: 0x00000001
[inst #2] slli x1,x1,16
Register Write to Reg: 0x01 Val: 0x00010000
[inst #3] slli x1,x1,16
Register Write to Reg: 0x01 Val: 0x00000000
[inst #4] addi x2,x0,-1
Register Write to Reg: 0x02 Val: 0xFFFFFFFF
[inst #5] slli x2,x2,16
Register Write to Reg: 0x02 Val: 0xFFFF0000
[inst #6] slli x2,x2,16
Register Write to Reg: 0x02 Val: 0x00000000
[inst #7] addi x3,x0,291
Register Write to Reg: 0x03 Val: 0x00000123
[inst #8] slli x3,x3,16
Register Write to Reg: 0x03 Val: 0x01230000
[inst #9] slli x3,x3,16
Register Write to Reg: 0x03 Val: 0x00000000
[inst #10] addi x4,x0,0
Register Write to Reg: 0x04 Val: 0x00000000
[inst #11] lui x4,57005
Register Write to Reg: 0x04 Val: 0x0DEAD000
[inst #12] slli x4,x4,16
Register Write to Reg: 0x04 Val: 0xD0000000
[inst #13] slli x4,x4,16
Register Write to Reg: 0x04 Val: 0x00000000
[inst #14] addi x5,x0,0
Register Write to Reg: 0x05 Val: 0x00000000
[inst #15] lui x5,983248
Register Write to Reg: 0x05 Val: 0xF00D0000
[inst #16] addi x5,x5,257
Register Write to Reg: 0x05 Val: 0xF00D0101
[inst #17] slli x5,x5,16
Register Write to Reg: 0x05 Val: 0x01010000
[inst #18] slli x5,x5,16
Register Write to Reg: 0x05 Val: 0x00000000
[inst #19] wfi 

Program terminated by dropping off the bottom.
