In clock cycle: 0
Register Write to Reg: 0x07 Val: 0x00000004
In clock cycle: 1
Register Write to Reg: 0x05 Val: 0x00000000
In clock cycle: 2
Register Write to Reg: 0x06 Val: 0x00000000
In clock cycle: 3
Register Write to Reg: 0x1C Val: 0x00000000
In clock cycle: 5
Register Write to Reg: 0x05 Val: 0x00000001
In clock cycle: 6
Register Write to Reg: 0x06 Val: 0x00000010
In clock cycle: 7
Register Write to Reg: 0x1C Val: 0x00000010
In clock cycle: 9
Register Write to Reg: 0x05 Val: 0x80000000
In clock cycle: 10
Register Write to Reg: 0x05 Val: 0x80000000
In clock cycle: 11
Register Write to Reg: 0x06 Val: 0x00000000
In clock cycle: 12
Register Write to Reg: 0x1C Val: 0x00000000
In clock cycle: 14
Register Write to Reg: 0x05 Val: 0xFFFFFFFF
In clock cycle: 15
Register Write to Reg: 0x06 Val: 0xFFFFFFF0
In clock cycle: 16
Register Write to Reg: 0x1C Val: 0xFFFFFFF0
In clock cycle: 18
Register Write to Reg: 0x1E Val: 0x00000001
In clock cycle: 19
Register Write to Reg: 0x00 Val: 0x00400050
Execution is stopping! Clock Cycle: 20
