[inst #1] addi x6,x0,-1
Register Write to Reg: 0x06 Val: 0xFFFFFFFF
[inst #2] addi x7,x0,4
Register Write to Reg: 0x07 Val: 0x00000004
[inst #3] sll x28,x6,x7
Register Write to Reg: 0x1C Val: 0xFFFFFFF0
[inst #4] lui x6,524289
Register Write to Reg: 0x06 Val: 0x80001000
[inst #5] addi x7,x0,1
Register Write to Reg: 0x07 Val: 0x00000001
[inst #6] sll x29,x6,x7
Register Write to Reg: 0x1D Val: 0x00002000
[inst #7] addi x6,x0,16
Register Write to Reg: 0x06 Val: 0x00000010
[inst #8] addi x7,x0,-1
Register Write to Reg: 0x07 Val: 0xFFFFFFFF
[inst #9] sll x30,x6,x7
Register Write to Reg: 0x1E Val: 0x00000000
[inst #10] wfi 

Program terminated by dropping off the bottom.
