In clock cycle: 0
Register Write to Reg: 0x01 Val: 0x00000078
In clock cycle: 1
Register Write to Reg: 0x02 Val: 0x0000003C
In clock cycle: 2
Register Write to Reg: 0x01 Val: 0x0000003C
In clock cycle: 3
Register Write to Reg: 0x03 Val: 0x00000000
In clock cycle: 4
Register Write to Reg: 0x03 Val: 0x7FAB0000
In clock cycle: 5
Register Write to Reg: 0x04 Val: 0x0000000B
In clock cycle: 6
Register Write to Reg: 0x04 Val: 0x6E9A1000
In clock cycle: 7
Register Write to Reg: 0x03 Val: 0x1110F000
In clock cycle: 8
Register Write to Reg: 0x01 Val: 0x00000078
In clock cycle: 9
Register Write to Reg: 0x02 Val: 0xFFFFFFC4
In clock cycle: 10
Register Write to Reg: 0x01 Val: 0x000000B4
In clock cycle: 11
Register Write to Reg: 0x03 Val: 0x00000000
In clock cycle: 12
Register Write to Reg: 0x03 Val: 0x7FAB0000
In clock cycle: 13
Register Write to Reg: 0x04 Val: 0x0000000B
In clock cycle: 14
Register Write to Reg: 0x04 Val: 0xEE9A1000
In clock cycle: 15
Register Write to Reg: 0x03 Val: 0x9110F000
In clock cycle: 16
Register Write to Reg: 0x01 Val: 0xFFFFFF88
In clock cycle: 17
Register Write to Reg: 0x02 Val: 0x0000003C
In clock cycle: 18
Register Write to Reg: 0x01 Val: 0xFFFFFF4C
In clock cycle: 19
Register Write to Reg: 0x01 Val: 0xFFFFFF88
In clock cycle: 20
Register Write to Reg: 0x02 Val: 0xFFFFFFC4
In clock cycle: 21
Register Write to Reg: 0x01 Val: 0xFFFFFFC4
Execution is stopping! Clock Cycle: 22
