[inst #1] addi x31,x0,0
Register Write to Reg: 0x1F Val: 0x00000000
[inst #2] lui x5,524288
Register Write to Reg: 0x05 Val: 0x80000000
[inst #3] lui x6,524288
Register Write to Reg: 0x06 Val: 0x80000000
[inst #4] addi x6,x6,-1
Register Write to Reg: 0x06 Val: 0x7FFFFFFF
[inst #5] slt x7,x5,x6
Register Write to Reg: 0x07 Val: 0x00000001
[inst #6] addi x8,x0,1
Register Write to Reg: 0x08 Val: 0x00000001
[inst #7] xor x9,x7,x8
Register Write to Reg: 0x09 Val: 0x00000000
[inst #8] or x31,x31,x9
Register Write to Reg: 0x1F Val: 0x00000000
[inst #9] slt x7,x6,x5
Register Write to Reg: 0x07 Val: 0x00000000
[inst #10] addi x8,x0,0
Register Write to Reg: 0x08 Val: 0x00000000
[inst #11] xor x9,x7,x8
Register Write to Reg: 0x09 Val: 0x00000000
[inst #12] or x31,x31,x9
Register Write to Reg: 0x1F Val: 0x00000000
[inst #13] addi x10,x0,-1
Register Write to Reg: 0x0A Val: 0xFFFFFFFF
[inst #14] slt x7,x5,x10
Register Write to Reg: 0x07 Val: 0x00000001
[inst #15] addi x8,x0,1
Register Write to Reg: 0x08 Val: 0x00000001
[inst #16] xor x9,x7,x8
Register Write to Reg: 0x09 Val: 0x00000000
[inst #17] or x31,x31,x9
Register Write to Reg: 0x1F Val: 0x00000000
[inst #18] slt x7,x10,x5
Register Write to Reg: 0x07 Val: 0x00000000
[inst #19] addi x8,x0,0
Register Write to Reg: 0x08 Val: 0x00000000
[inst #20] xor x9,x7,x8
Register Write to Reg: 0x09 Val: 0x00000000
[inst #21] or x31,x31,x9
Register Write to Reg: 0x1F Val: 0x00000000
[inst #22] addi x10,x0,0
Register Write to Reg: 0x0A Val: 0x00000000
[inst #23] slt x7,x6,x10
Register Write to Reg: 0x07 Val: 0x00000000
[inst #24] addi x8,x0,0
Register Write to Reg: 0x08 Val: 0x00000000
[inst #25] xor x9,x7,x8
Register Write to Reg: 0x09 Val: 0x00000000
[inst #26] or x31,x31,x9
Register Write to Reg: 0x1F Val: 0x00000000
[inst #27] slt x7,x10,x5
Register Write to Reg: 0x07 Val: 0x00000000
[inst #28] addi x8,x0,0
Register Write to Reg: 0x08 Val: 0x00000000
[inst #29] xor x9,x7,x8
Register Write to Reg: 0x09 Val: 0x00000000
[inst #30] or x31,x31,x9
Register Write to Reg: 0x1F Val: 0x00000000
[inst #31] wfi 

Program terminated by dropping off the bottom.
